<?xml version="1.0" encoding="UTF-8"?>
<!-- Generated by org.testng.reporters.JUnitReportReporter -->
<testsuite hostname="eepsas-MacBook-Pro.local" failures="0" tests="9" name="com.salesforce.test.ContactTest" time="-1644988544.000" errors="1" timestamp="2022-02-15T21:16:32 PST" skipped="8">
  <testcase classname="com.salesforce.test.ContactTest" name="TC28" time="0.000">
    <skipped/>
  </testcase> <!-- TC28 -->
  <system-out/>
  <testcase classname="com.salesforce.test.ContactTest" name="TC27" time="0.000">
    <skipped/>
  </testcase> <!-- TC27 -->
  <system-out/>
  <testcase classname="com.salesforce.test.ContactTest" name="TC32" time="0.000">
    <skipped/>
  </testcase> <!-- TC32 -->
  <system-out/>
  <testcase classname="com.salesforce.test.ContactTest" name="TC31" time="0.000">
    <skipped/>
  </testcase> <!-- TC31 -->
  <system-out/>
  <testcase classname="com.salesforce.test.ContactTest" name="TC26" time="0.000">
    <skipped/>
  </testcase> <!-- TC26 -->
  <system-out/>
  <testcase classname="com.salesforce.test.ContactTest" name="TC30" time="0.000">
    <skipped/>
  </testcase> <!-- TC30 -->
  <system-out/>
  <testcase classname="com.salesforce.test.ContactTest" name="initialSetUp" time="-1644988544.000">
    <error message="
Parameter &#039;browser&#039; is required by BeforeMethod on method initialSetUp but has not been marked @Optional or defined
in /private/var/folders/nx/p61wp4593116j0t2p3th_tb40000gn/T/testng-eclipse--1492168745/testng-customsuite.xml" type="org.testng.TestNGException">
      <![CDATA[org.testng.TestNGException: 
Parameter 'browser' is required by BeforeMethod on method initialSetUp but has not been marked @Optional or defined
in /private/var/folders/nx/p61wp4593116j0t2p3th_tb40000gn/T/testng-eclipse--1492168745/testng-customsuite.xml
at org.testng.internal.Parameters.createParams(Parameters.java:270)
at org.testng.internal.Parameters.createParametersForMethod(Parameters.java:358)
at org.testng.internal.Parameters.createParameters(Parameters.java:700)
at org.testng.internal.Parameters.createConfigurationParameters(Parameters.java:168)
at org.testng.internal.ConfigInvoker.invokeConfigurations(ConfigInvoker.java:302)
at org.testng.internal.TestInvoker.runConfigMethods(TestInvoker.java:700)
at org.testng.internal.TestInvoker.invokeMethod(TestInvoker.java:527)
at org.testng.internal.TestInvoker.invokeTestMethod(TestInvoker.java:173)
at org.testng.internal.MethodRunner.runInSequence(MethodRunner.java:46)
at org.testng.internal.TestInvoker$MethodInvocationAgent.invoke(TestInvoker.java:824)
at org.testng.internal.TestInvoker.invokeTestMethods(TestInvoker.java:146)
at org.testng.internal.TestMethodWorker.invokeTestMethods(TestMethodWorker.java:146)
at org.testng.internal.TestMethodWorker.run(TestMethodWorker.java:128)
at java.base/java.util.ArrayList.forEach(ArrayList.java:1511)
at org.testng.TestRunner.privateRun(TestRunner.java:794)
at org.testng.TestRunner.run(TestRunner.java:596)
at org.testng.SuiteRunner.runTest(SuiteRunner.java:377)
at org.testng.SuiteRunner.runSequentially(SuiteRunner.java:371)
at org.testng.SuiteRunner.privateRun(SuiteRunner.java:332)
at org.testng.SuiteRunner.run(SuiteRunner.java:276)
at org.testng.SuiteRunnerWorker.runSuite(SuiteRunnerWorker.java:53)
at org.testng.SuiteRunnerWorker.run(SuiteRunnerWorker.java:96)
at org.testng.TestNG.runSuitesSequentially(TestNG.java:1212)
at org.testng.TestNG.runSuitesLocally(TestNG.java:1134)
at org.testng.TestNG.runSuites(TestNG.java:1063)
at org.testng.TestNG.run(TestNG.java:1031)
at org.testng.remote.AbstractRemoteTestNG.run(AbstractRemoteTestNG.java:115)
at org.testng.remote.RemoteTestNG.initAndRun(RemoteTestNG.java:251)
at org.testng.remote.RemoteTestNG.main(RemoteTestNG.java:77)
]]>
    </error>
  </testcase> <!-- initialSetUp -->
  <system-out/>
  <testcase classname="com.salesforce.test.ContactTest" name="TC29" time="0.000">
    <skipped/>
  </testcase> <!-- TC29 -->
  <system-out/>
  <testcase classname="com.salesforce.test.ContactTest" name="TC25" time="0.000">
    <skipped/>
  </testcase> <!-- TC25 -->
  <system-out/>
</testsuite> <!-- com.salesforce.test.ContactTest -->
